Performing C++ SOURCE FILE Test CMAKE_HAVE_LIBC_PTHREAD failed with the following output:
Change Dir: /mnt/c/Users/Goku/Desktop/GITHUB/MathForge/build/CMakeFiles/CMakeScratch/TryCompile-iErrRb

Run Build Command(s):/usr/bin/make -f Makefile cmTC_65677/fast && /usr/bin/make  -f CMakeFiles/cmTC_65677.dir/build.make CMakeFiles/cmTC_65677.dir/build
make[1]: Entering directory '/mnt/c/Users/Goku/Desktop/GITHUB/MathForge/build/CMakeFiles/CMakeScratch/TryCompile-iErrRb'
Building CXX object CMakeFiles/cmTC_65677.dir/src.cxx.o
/usr/bin/g++-11 -DCMAKE_HAVE_LIBC_PTHREAD  -std=c++20 -o CMakeFiles/cmTC_65677.dir/src.cxx.o -c /mnt/c/Users/Goku/Desktop/GITHUB/MathForge/build/CMakeFiles/CMakeScratch/TryCompile-iErrRb/src.cxx
Linking CXX executable cmTC_65677
/usr/bin/cmake -E cmake_link_script CMakeFiles/cmTC_65677.dir/link.txt --verbose=1
/usr/bin/g++-11 CMakeFiles/cmTC_65677.dir/src.cxx.o -o cmTC_65677 
CMakeFiles/cmTC_65677.dir/src.cxx.o: In function `main':
src.cxx:(.text+0x3e): undefined reference to `pthread_create'
src.cxx:(.text+0x4a): undefined reference to `pthread_detach'
src.cxx:(.text+0x56): undefined reference to `pthread_cancel'
src.cxx:(.text+0x67): undefined reference to `pthread_join'
src.cxx:(.text+0x7b): undefined reference to `pthread_atfork'
collect2: error: ld returned 1 exit status
CMakeFiles/cmTC_65677.dir/build.make:98: recipe for target 'cmTC_65677' failed
make[1]: *** [cmTC_65677] Error 1
make[1]: Leaving directory '/mnt/c/Users/Goku/Desktop/GITHUB/MathForge/build/CMakeFiles/CMakeScratch/TryCompile-iErrRb'
Makefile:127: recipe for target 'cmTC_65677/fast' failed
make: *** [cmTC_65677/fast] Error 2


Source file was:
#include <pthread.h>

static void* test_func(void* data)
{
  return data;
}

int main(void)
{
  pthread_t thread;
  pthread_create(&thread, NULL, test_func, NULL);
  pthread_detach(thread);
  pthread_cancel(thread);
  pthread_join(thread, NULL);
  pthread_atfork(NULL, NULL, NULL);
  pthread_exit(NULL);

  return 0;
}


Determining if the function pthread_create exists in the pthreads failed with the following output:
Change Dir: /mnt/c/Users/Goku/Desktop/GITHUB/MathForge/build/CMakeFiles/CMakeScratch/TryCompile-bLoPqg

Run Build Command(s):/usr/bin/make -f Makefile cmTC_338ce/fast && /usr/bin/make  -f CMakeFiles/cmTC_338ce.dir/build.make CMakeFiles/cmTC_338ce.dir/build
make[1]: Entering directory '/mnt/c/Users/Goku/Desktop/GITHUB/MathForge/build/CMakeFiles/CMakeScratch/TryCompile-bLoPqg'
Building CXX object CMakeFiles/cmTC_338ce.dir/CheckFunctionExists.cxx.o
/usr/bin/g++-11   -DCHECK_FUNCTION_EXISTS=pthread_create -std=c++20 -o CMakeFiles/cmTC_338ce.dir/CheckFunctionExists.cxx.o -c /mnt/c/Users/Goku/Desktop/GITHUB/MathForge/build/CMakeFiles/CMakeScratch/TryCompile-bLoPqg/CheckFunctionExists.cxx
Linking CXX executable cmTC_338ce
/usr/bin/cmake -E cmake_link_script CMakeFiles/cmTC_338ce.dir/link.txt --verbose=1
/usr/bin/g++-11  -DCHECK_FUNCTION_EXISTS=pthread_create CMakeFiles/cmTC_338ce.dir/CheckFunctionExists.cxx.o -o cmTC_338ce  -lpthreads 
/usr/bin/ld: cannot find -lpthreads
collect2: error: ld returned 1 exit status
CMakeFiles/cmTC_338ce.dir/build.make:98: recipe for target 'cmTC_338ce' failed
make[1]: *** [cmTC_338ce] Error 1
make[1]: Leaving directory '/mnt/c/Users/Goku/Desktop/GITHUB/MathForge/build/CMakeFiles/CMakeScratch/TryCompile-bLoPqg'
Makefile:127: recipe for target 'cmTC_338ce/fast' failed
make: *** [cmTC_338ce/fast] Error 2



